<?xml version="1.0" encoding="UTF-8"?>
<!-- Generated by org.testng.reporters.JUnitReportReporter -->
<testsuite skipped="0" hostname="User-PC" name="SeleniumMevan.ComCoctGitHubTest" tests="2" failures="0" timestamp="14 Mar 2022 17:56:49 GMT" time="0.052" errors="0">
  <testcase name="salagaTea" time="0.014" classname="SeleniumMevan.ComCoctGitHubTest"/>
  <testcase name="comCoctGitHub" time="0.038" classname="SeleniumMevan.ComCoctGitHubTest"/>
</testsuite> <!-- SeleniumMevan.ComCoctGitHubTest -->
