<?xml version="1.0" encoding="UTF-8"?>
<!-- Generated by org.testng.reporters.JUnitReportReporter -->
<testsuite skipped="0" hostname="User-PC" name="SeleniumMevan.ComCoctGitHubTest" tests="2" failures="0" timestamp="14 Mar 2022 09:53:35 GMT" time="0.023" errors="0">
  <testcase name="salagaTea" time="0.003" classname="SeleniumMevan.ComCoctGitHubTest"/>
  <testcase name="comCoctGitHub" time="0.020" classname="SeleniumMevan.ComCoctGitHubTest"/>
</testsuite> <!-- SeleniumMevan.ComCoctGitHubTest -->
