<?xml version="1.0" encoding="UTF-8"?>
<!-- Generated by org.testng.reporters.JUnitReportReporter -->
<testsuite skipped="0" hostname="User-PC" name="SeleniumMevan.ReadDataTest" tests="1" failures="0" timestamp="16 Mar 2022 05:24:28 GMT" time="0.016" errors="0">
  <testcase name="read" time="0.016" classname="SeleniumMevan.ReadDataTest"/>
</testsuite> <!-- SeleniumMevan.ReadDataTest -->
